Updating gWidgetsWWW2 documentation
Loading gWidgetsWWW2
Loading required package: methods
Loading required package: Rook
Loading required package: RJSONIO
Loading required package: memoise
Loading required package: whisker
Loading required package: digest
Updating collate directive in  /home/jranke/git/gWidgetsWWW2/DESCRIPTION 
Updating collate directive in  /home/jranke/git/gWidgetsWWW2/DESCRIPTION 
Writing NAMESPACE
Writing getWithDefault.Rd
Writing is_empty.Rd
Writing XXX.Rd
Writing browse_df.Rd
Writing Array-class.Rd
Writing ExtArgs-class.Rd
Writing gaction.Rd
Writing gaction-class.Rd
Writing gborderlayout.Rd
Writing gbutton.Rd
Writing gcalendar.Rd
Writing gcheckbox.Rd
Writing gcheckboxgroup.Rd
Writing gcombobox.Rd
Writing gWidgetsWWW2-package.Rd
Writing GContainer-class.Rd
Writing gdf.Rd
Writing gmessage.Rd
Writing gconfirm.Rd
Writing ginput.Rd
Writing GDialog-class.Rd
Writing galert.Rd
Writing gbasicdialog.Rd
Writing gedit.Rd
Writing gexpandgroup.Rd
Writing gfile.Rd
Writing gformlayout.Rd
Writing gframe.Rd
Writing ggooglemaps.Rd
Writing GGoogleMapsObject-class.Rd
Writing ggooglemaps_infowindow.Rd
Writing ggooglemaps_polyline.Rd
Writing ggooglemaps_polygon.Rd
Writing GGoogleMapsPolygon-class.Rd
Writing ggroup.Rd
Writing gggroup.Rd
Writing ghtml.Rd
Writing gseparator.Rd
Writing gimage.Rd
Writing glabel.Rd
Writing glayout.Rd
Writing gmenu.Rd
Writing gmenu-class.Rd
Writing gnotebook.Rd
Writing gpanedgroup.Rd
Writing gpanel.Rd
Writing gradio.Rd
Writing gslider.Rd
Writing gspinbutton.Rd
Writing gstackwidget.Rd
Writing gstatusbar.Rd
Writing gstatusbar-class.Rd
Writing gsvg.Rd
Writing gsvg-class.Rd
Writing gtable.Rd
Writing gtext.Rd
Writing gcodemirror.Rd
Writing gtree.Rd
Writing GWidgetProxy-class.Rd
Writing GWidgetHTMLProxy-class.Rd
Writing column_renderer.Rd
Writing column_renderer.default.Rd
Writing column_renderer.Icon.Rd
Writing column_editor.Rd
Writing column_editor.default.Rd
Writing column_editor.integer.Rd
Writing column_editor.numeric.Rd
Writing column_editor.logical.Rd
Writing column_editor.factor.Rd
Writing GWidgetArrayProxy-class.Rd
Writing mapTypes.Rd
Writing makeFields.Rd
Writing GWidgetStore-class.Rd
Writing GWidgetArrayStore-class.Rd
Writing GWidgetText-class.Rd
Writing gwidget.Rd
Writing enabled.Rd
Writing enabled.GComponent.Rd
Writing enabled_assign.Rd
Writing font_assign.Rd
Writing size_assign.Rd
Writing tag.Rd
Writing tag.GComponent.Rd
Writing tag_assign.Rd
Writing visible.Rd
Writing visible_assign.Rd
Writing svalue.Rd
Writing svalue_assign.Rd
Writing focus.Rd
Writing tooltip.Rd
Writing editable_assign.Rd
Writing bracket.Rd
Writing bracket_assign.Rd
Writing names.GComponent.Rd
Writing names_assign.Rd
Writing length.GComponent.Rd
Writing dim.GComponent.Rd
Writing update.GComponent.Rd
Writing insert.Rd
Writing insert.GComponent.Rd
Writing add.Rd
Writing add.GComponent.Rd
Writing delete.Rd
Writing delete.GComponent.Rd
Writing dispose.Rd
Writing dispose.GComponent.Rd
Writing addSpring.Rd
Writing addSpring.default.Rd
Writing addSpring.GGroup.Rd
Writing addHandlerChanged.Rd
Writing addHandlerSelectionChanged.Rd
Writing addHandlerClicked.Rd
Writing addHandlerDoubleClick.Rd
Writing addHandlerColumnClicked.Rd
Writing addHandlerColumnDoubleClick.Rd
Writing addHandlerMouseMotion.Rd
Writing addHandlerKeystroke.Rd
Writing addHandlerFocus.Rd
Writing addHandlerBlur.Rd
Writing addHandlerDestroy.Rd
Writing addHandlerIdle.Rd
Writing removeHandler.Rd
Writing blockHandler.Rd
Writing unblockHandler.Rd
Writing GWidgetsTopLevel-class.Rd
Writing gwindow.Rd
Writing asIcon.Rd
Writing isIcon.Rd
Writing make_stock_icons.Rd
Writing getStockIcons.Rd
Writing getStockIconByName.Rd
Writing addStockIcons.Rd
Writing JsonRPCServer-class.Rd
Writing json_rpc_server.Rd
Writing JsonRPCObject.Rd
Writing load_app.Rd
Writing load_dirapp.Rd
Writing load_dir.Rd
Writing download_extjs.Rd
Writing String.Rd
Writing String_render.Rd
Writing coerceToJSString.Rd
Writing toJSObject.Rd
Writing emptyJSArray.Rd
Writing toJSArray.Rd
Writing shQuoteEsc.Rd
Writing ourQuote.Rd
Writing escapeSingleQuote.Rd
Writing getFromDots.Rd
Writing merge.list.Rd
Writing isURL.Rd
Writing asURL.Rd
Writing get_tempfile.Rd
Writing get_tempfile_url.Rd
Writing is_running_local.Rd
Writing make_rapache_files.Rd
Writing make_rapache_loadapp.Rd
Es gab 49 Warnungen (Anzeige mit warnings())
